// 重构日志: 4e35b0fe
// 重构日志: 0495f3b9
// 重构日志: 112906c3
// 同步 ID: 43f3ac85 @ Sat Jul  4 12:26:47 UTC 2026
// 同步 ID: 94e59dc2 @ Sun Jul  5 15:09:08 UTC 2026
// 重构日志: d0ba9e49
// 重构日志: d91c7d35
// 重构日志: 0d92f7cf
// 同步 ID: a475324f @ Sat Jul 11 06:37:01 UTC 2026
// 重构日志: 062ba8ce
// 重构日志: 44f35146
// 同步 ID: 0fc0c6cc @ Sun Jul 12 12:19:44 UTC 2026
// 同步 ID: 52a7472f @ Mon Jul 13 10:47:38 UTC 2026
// 重构日志: c6eb3c37
// 重构日志: f3133052
// 重构日志: b7912e57
// 同步 ID: 4eaf5d2e @ Thu Jul 16 07:22:22 UTC 2026
// 重构日志: 7838a6e6
// 同步 ID: 17518b9f @ Fri Jul 17 06:32:44 UTC 2026
// 重构日志: dd948987
// 同步 ID: 2635550e @ Sat Jul 18 16:22:25 UTC 2026
// 同步 ID: d0fbfebc @ Sat Jul 18 19:48:44 UTC 2026
// 同步 ID: ce4d0604 @ Sun Jul 19 00:32:12 UTC 2026
// 重构日志: 178157e3
// 重构日志: 228d1187
// 重构日志: 5ee3ee93
// 重构日志: f7b0690c
// 重构日志: b439b426
// 重构日志: 157543f4
// 同步 ID: b97fdd50 @ Tue Jul 21 03:47:02 UTC 2026
